<?xml version="1.0" encoding="UTF-8"?>
<!-- Generated by org.testng.reporters.JUnitXMLReporter -->
<testsuite ignored="2" hostname="KARTHIK" failures="0" tests="1" name="Default test" time="45.522" errors="0" timestamp="2022-11-28T21:41:25 IST">
  <testcase classname="com.javalaya.maven_pom_testng_paymentgateway_fw.pg_testrunner_module.PG_TestRunner" name="verifyCardBalanceAndOrderId" time="45.425"/>
  <testcase classname="com.javalaya.maven_pom_testng_paymentgateway_fw.pg_testrunner_module.PG_TestRunner" name="verifyPayment" time="0.0">
    <ignored/>
  </testcase> <!-- verifyPayment -->
  <testcase classname="com.javalaya.maven_pom_testng_paymentgateway_fw.pg_testrunner_module.PG_TestRunner" name="verifyRightAmount" time="0.0">
    <ignored/>
  </testcase> <!-- verifyRightAmount -->
</testsuite> <!-- Default test -->
