<?xml version="1.0" encoding="UTF-8"?>
<testng-results ignored="2" total="3" passed="1" failed="0" skipped="0">
  <reporter-output>
  </reporter-output>
  <suite started-at="2022-11-28T21:40:40 IST" name="Default suite" finished-at="2022-11-28T21:41:25 IST" duration-ms="45522">
    <groups>
    </groups>
    <test started-at="2022-11-28T21:40:40 IST" name="Default test" finished-at="2022-11-28T21:41:25 IST" duration-ms="45522">
      <class name="com.javalaya.maven_pom_testng_paymentgateway_fw.pg_testrunner_module.PG_TestRunner">
        <test-method signature="verifyCardBalanceAndOrderId()[pri:0, instance:com.javalaya.maven_pom_testng_paymentgateway_fw.pg_testrunner_module.PG_TestRunner@272113c4]" started-at="2022-11-28T21:40:40 IST" name="verifyCardBalanceAndOrderId" finished-at="2022-11-28T21:41:25 IST" duration-ms="45425" status="PASS">
          <reporter-output>
          </reporter-output>
        </test-method> <!-- verifyCardBalanceAndOrderId -->
      </class> <!-- com.javalaya.maven_pom_testng_paymentgateway_fw.pg_testrunner_module.PG_TestRunner -->
    </test> <!-- Default test -->
  </suite> <!-- Default suite -->
</testng-results>
